<?xml version="1.0" encoding="UTF-8"?>
<!-- Generated by org.testng.reporters.JUnitReportReporter -->
<testsuite hostname="RS" name="testCases.Registration" tests="3" failures="0" timestamp="8 Dec 2019 16:22:13 GMT" time="58.800" errors="0">
  <testcase name="enterFirstName" time="36.051" classname="testCases.Registration"/>
  <testcase name="ClickOnCustomer" time="4.543" classname="testCases.Registration"/>
  <testcase name="ClickOnRegistration" time="18.206" classname="testCases.Registration"/>
</testsuite> <!-- testCases.Registration -->
