<?xml version="1.0" encoding="UTF-8"?>
<!-- Generated by org.testng.reporters.JUnitReportReporter -->
<testsuite hostname="RS" name="testCases.BrokenLinks" tests="1" failures="0" timestamp="1 Jun 2019 08:22:21 GMT" time="40.899" errors="0">
  <testcase name="testBrokenLinks" time="40.899" classname="testCases.BrokenLinks"/>
</testsuite> <!-- testCases.BrokenLinks -->
