<?xml version="1.0" encoding="UTF-8"?>
<!-- Generated by org.testng.reporters.JUnitReportReporter -->
<testsuite hostname="RS" name="testCases.Login" tests="1" failures="0" timestamp="7 Dec 2019 17:22:16 GMT" time="0.009" errors="0">
  <testcase name="test" time="0.009" classname="testCases.Login"/>
</testsuite> <!-- testCases.Login -->
